=====Debut de la partie======
Joueur 1 : Piger la carte 5 de CARREAU
Joueur 1 : Piger la carte 4 de CARREAU
Joueur 1 gagne 2 points (Total : 2)
Joueur 1 : Piger la carte 6 de CARREAU
Joueur 1 gagne 2 points (Total : 4)
Joueur 1 : Piger la carte 7 de CARREAU
Joueur 1 gagne 2 points (Total : 6)
Joueur 1 : Piger la carte 3 de CARREAU
Joueur 1 gagne 2 points (Total : 8)
Joueur 1 : Piger la carte 8 de CARREAU
Joueur 1 gagne 2 points (Total : 10)
Joueur 1 : Piger la carte 9 de CARREAU
Joueur 1 gagne 2 points (Total : 12)
Joueur 1 : Piger la carte 2 de CARREAU
Joueur 1 gagne 2 points (Total : 14)
Joueur 1 : Piger la carte 10 de CARREAU
Joueur 1 gagne 2 points (Total : 16)
Joueur 1 : Piger la carte VALET de CARREAU
Joueur 1 gagne 2 points (Total : 18)
Joueur 1 : Piger la carte AS de CARREAU
Joueur 1 gagne 2 points (Total : 20)
Joueur 1 : Piger la carte DAME de CARREAU
Joueur 1 gagne 2 points (Total : 22)
Joueur 1 : Piger la carte ROI de CARREAU
Joueur 1 gagne 2 points (Total : 24)
Joueur 1 gagne 5 points (Total : 29)
Joueur 1 : Piger la carte ROI de COEUR
Joueur 1 : Valeur identique, Fin du tour 
Joueur 2 : Piger la carte AS de TREFLE
Joueur 2 : Piger la carte 2 de TREFLE
Joueur 2 : Piger la carte DAME de COEUR
Joueur 2 : Piger la carte 3 de TREFLE
Joueur 2 gagne 10 points (Total : 29)
Joueur 2 : Piger la carte 4 de TREFLE
Joueur 2 : Piger la carte VALET de COEUR
Joueur 2 : Piger la carte 5 de TREFLE
Joueur 2 : Piger la carte 6 de TREFLE
Joueur 2 gagne 10 points (Total : 29)
Joueur 2 : Piger la carte 10 de COEUR
Joueur 2 : Piger la carte 7 de TREFLE
Joueur 2 : Piger la carte 8 de TREFLE
Joueur 2 : Piger la carte 9 de COEUR
Joueur 2 : Piger la carte 9 de TREFLE
Joueur 2 : Valeur identique, Fin du tour
Joueur 1 : Piger la carte 10 de TREFLE
Joueur 1 gagne 2 points (Total : 31)
Joueur 1 : Piger la carte 8 de COEUR
Joueur 1 gagne 1 points (Total : 32)
Joueur 1 : Piger la carte VALET de TREFLE
Joueur 1 : Piger la carte DAME de TREFLE
Joueur 1 gagne 2 points (Total : 34)
Joueur 1 : Piger la carte 7 de COEUR
Joueur 1 : Piger la carte ROI de TREFLE
Joueur 1 : Piger la carte AS de PIQUE
Joueur 1 : Piger la carte 6 de COEUR
Joueur 1 gagne 1 points (Total : 35)
Joueur 1 : Piger la carte 2 de PIQUE
Joueur 1 : Piger la carte 3 de PIQUE
Joueur 1 gagne 2 points (Total : 37)
Joueur 1 : Piger la carte 5 de COEUR
Joueur 1 : Piger la carte 4 de PIQUE
Joueur 1 : Piger la carte 5 de PIQUE
Joueur 1 gagne 2 points (Total : 39)
Joueur 1 : Piger la carte 4 de COEUR
Joueur 1 gagne 1 points (Total : 40)
Joueur 1 : Piger la carte 6 de PIQUE
Joueur 1 : Piger la carte 7 de PIQUE
Joueur 1 gagne 2 points (Total : 42)
Joueur 1 : Piger la carte 3 de COEUR
Joueur 1 : Piger la carte 8 de PIQUE
Joueur 1 : Piger la carte 9 de PIQUE
Joueur 1 gagne 2 points (Total : 44)
Joueur 1 : Piger la carte 2 de COEUR
Joueur 1 gagne 1 points (Total : 45)
Joueur 1 : Piger la carte 10 de PIQUE
Joueur 1 : Piger la carte VALET de PIQUE
Joueur 1 gagne 2 points (Total : 47)
Joueur 1 : Piger la carte AS de COEUR
Joueur 1 : Piger la carte DAME de PIQUE
Joueur 1 : Piger la carte ROI de PIQUE
Joueur 1 gagne 2 points (Total : 49)
Joueur 1 : Piger la carte 5 de CARREAU
Joueur 1 : Piger la carte 4 de CARREAU
Joueur 1 gagne 2 points (Total : 51)
Joueur 1 : Piger la carte 6 de CARREAU
Joueur 1 gagne 2 points (Total : 53)
Joueur 1 : Piger la carte 7 de CARREAU
Joueur 1 gagne 2 points (Total : 55)
Joueur 1 : Piger la carte 3 de CARREAU
Joueur 1 gagne 2 points (Total : 57)
Joueur 1 : Piger la carte 8 de CARREAU
Joueur 1 gagne 2 points (Total : 59)
Joueur 1 : Piger la carte 9 de CARREAU
Joueur 1 gagne 2 points (Total : 61)
Joueur 1 : Piger la carte 2 de CARREAU
Joueur 1 gagne 2 points (Total : 63)
Joueur 1 : Piger la carte 10 de CARREAU
Joueur 1 gagne 2 points (Total : 65)
Joueur 1 : Piger la carte VALET de CARREAU
Joueur 1 gagne 2 points (Total : 67)
Joueur 1 : Piger la carte AS de CARREAU
Joueur 1 gagne 2 points (Total : 69)
Joueur 1 : Piger la carte DAME de CARREAU
Joueur 1 gagne 2 points (Total : 71)
Joueur 1 : Piger la carte ROI de CARREAU
Joueur 1 gagne 2 points (Total : 73)
Joueur 1 gagne 5 points (Total : 78)
Joueur 1 : Piger la carte ROI de COEUR
Joueur 1 : Valeur identique, Fin du tour 
Joueur 2 : Piger la carte AS de TREFLE
Joueur 2 : Piger la carte 2 de TREFLE
Joueur 2 : Piger la carte DAME de COEUR
Joueur 2 : Piger la carte 3 de TREFLE
Joueur 2 : Piger la carte 4 de TREFLE
Joueur 2 : Piger la carte VALET de COEUR
Joueur 2 : Piger la carte 5 de TREFLE
Joueur 2 gagne 10 points (Total : 78)
Joueur 2 : Piger la carte 6 de TREFLE
Joueur 2 : Piger la carte 10 de COEUR
Joueur 2 : Piger la carte 7 de TREFLE
Joueur 2 : Piger la carte 8 de TREFLE
Joueur 2 : Piger la carte 9 de COEUR
Joueur 2 : Piger la carte 9 de TREFLE
Joueur 2 : Valeur identique, Fin du tour
Joueur 1 : Piger la carte 10 de TREFLE
Joueur 1 gagne 2 points (Total : 80)
Joueur 1 : Piger la carte 8 de COEUR
Joueur 1 gagne 1 points (Total : 81)
Joueur 1 : Piger la carte VALET de TREFLE
Joueur 1 : Piger la carte DAME de TREFLE
Joueur 1 gagne 2 points (Total : 83)
Joueur 1 : Piger la carte 7 de COEUR
Joueur 1 : Piger la carte ROI de TREFLE
Joueur 1 : Piger la carte AS de PIQUE
Joueur 1 : Piger la carte 6 de COEUR
Joueur 1 gagne 1 points (Total : 84)
Joueur 1 : Piger la carte 2 de PIQUE
Joueur 1 : Piger la carte 3 de PIQUE
Joueur 1 gagne 2 points (Total : 86)
Joueur 1 : Piger la carte 5 de COEUR
Joueur 1 : Piger la carte 4 de PIQUE
Joueur 1 : Piger la carte 5 de PIQUE
Joueur 1 gagne 2 points (Total : 88)
Joueur 1 : Piger la carte 4 de COEUR
Joueur 1 gagne 1 points (Total : 89)
Joueur 1 : Piger la carte 6 de PIQUE
Joueur 1 : Piger la carte 7 de PIQUE
Joueur 1 gagne 2 points (Total : 91)
Joueur 1 : Piger la carte 3 de COEUR
Joueur 1 : Piger la carte 8 de PIQUE
Joueur 1 : Piger la carte 9 de PIQUE
Joueur 1 gagne 2 points (Total : 93)
Joueur 1 : Piger la carte 2 de COEUR
Joueur 1 gagne 1 points (Total : 94)
Joueur 1 : Piger la carte 10 de PIQUE
Joueur 1 : Piger la carte VALET de PIQUE
Joueur 1 gagne 2 points (Total : 96)
Joueur 1 : Piger la carte AS de COEUR
Joueur 1 : Piger la carte DAME de PIQUE
Joueur 1 : Piger la carte ROI de PIQUE
Joueur 1 gagne 2 points (Total : 98)
Joueur 1 : Piger la carte 5 de CARREAU
Joueur 1 : Piger la carte 4 de CARREAU
Joueur 1 gagne 2 points (Total : 100)
Joueur 1 : Piger la carte 6 de CARREAU
Joueur 1: 100points
Joueur 2: 30points
